<?xml version="1.0" encoding="UTF-8"?>
<testsuite name="HashSetTest" tests="1" skipped="0" failures="0" errors="0" timestamp="2016-04-08T06:09:21" hostname="jitendra-bisht" time="0.003">
  <properties/>
  <testcase name="testDuplicate" classname="HashSetTest" time="0.003"/>
  <system-out><![CDATA[]]></system-out>
  <system-err><![CDATA[]]></system-err>
</testsuite>
